<?xml version="1.0" encoding="UTF-8"?>
<!-- Generated by org.testng.reporters.JUnitXMLReporter -->
<testsuite ignored="0" hostname="D-113124333" failures="0" tests="13" name="Test" time="169.928" errors="0" timestamp="2023-03-06T14:21:41 IST">
  <testcase classname="com.wipro.testcases.Registration" name="register" time="8.232"/>
  <testcase classname="io.cucumber.testng.AbstractTestNGCucumberTests" name="runScenario" time="39.366"/>
  <testcase classname="com.wipro.testcases.PlaceOrder" name="loginTest" time="4.806"/>
  <testcase classname="com.wipro.testcases.PlaceOrder" name="selectDesktopTest" time="6.531"/>
  <testcase classname="com.wipro.testcases.PlaceOrder" name="addToCartTest" time="20.1"/>
  <testcase classname="com.wipro.testcases.PlaceOrder" name="clickShoppingCartTest" time="3.095"/>
  <testcase classname="com.wipro.testcases.PlaceOrder" name="clickCheckoutTest" time="8.747"/>
  <testcase classname="com.wipro.testcases.PlaceOrder" name="makePaymentTest" time="6.194"/>
  <testcase classname="com.wipro.testcases.PlaceOrder" name="clickConfirmTest" time="1.181"/>
  <testcase classname="com.wipro.testcases.PlaceOrder" name="valiadteLogout" time="6.411"/>
  <testcase classname="com.wipro.testcases.ValidateMenu" name="loginTest" time="5.089"/>
  <testcase classname="com.wipro.testcases.ValidateMenu" name="validateMenuTest" time="13.762"/>
  <testcase classname="com.wipro.testcases.ValidateMenu" name="logOut" time="6.697"/>
</testsuite> <!-- Test -->
