<?xml version="1.0" encoding="UTF-8"?>
<testsuite name="Test"
           tests="3"
           failures="0"
           errors="0"
           skipped="0"
           time="25.548">
  <properties />
  
  
            <testcase name="logOut" time="6.697" classname="com.wipro.testcases.ValidateMenu" />
                <testcase name="loginTest" time="5.089" classname="com.wipro.testcases.ValidateMenu" />
                <testcase name="validateMenuTest" time="13.762" classname="com.wipro.testcases.ValidateMenu" />
      
</testsuite>
