<?xml version="1.0" encoding="UTF-8"?>
<testng-results ignored="0" total="13" passed="13" failed="0" skipped="0">
  <reporter-output>
  </reporter-output>
  <suite started-at="2023-03-06T14:18:51 IST" name="Suite" finished-at="2023-03-06T14:21:41 IST" duration-ms="169928">
    <groups>
      <group name="cucumber">
        <method signature="AbstractTestNGCucumberTests.runScenario(io.cucumber.testng.PickleWrapper,io.cucumber.testng.FeatureWrapper)[pri:0, instance:com.wipro.testcases.AddAddress@790da477]" name="runScenario" class="io.cucumber.testng.AbstractTestNGCucumberTests"/>
      </group> <!-- cucumber -->
    </groups>
    <test started-at="2023-03-06T14:18:51 IST" name="Test" finished-at="2023-03-06T14:21:41 IST" duration-ms="169928">
      <class name="com.wipro.testcases.PlaceOrder">
        <test-method is-config="true" signature="beforeClass()[pri:0, instance:com.wipro.testcases.PlaceOrder@5fb759d6]" started-at="2023-03-06T14:19:54 IST" name="beforeClass" finished-at="2023-03-06T14:20:00 IST" duration-ms="6352" status="PASS">
          <reporter-output>
          </reporter-output>
        </test-method> <!-- beforeClass -->
        <test-method signature="loginTest(java.lang.String,java.lang.String)[pri:0, instance:com.wipro.testcases.PlaceOrder@5fb759d6]" started-at="2023-03-06T14:20:00 IST" name="loginTest" data-provider="dp" finished-at="2023-03-06T14:20:05 IST" duration-ms="4806" status="PASS">
          <params>
            <param index="0">
              <value>
                <![CDATA[venukollapudi@gmail.com]]>
              </value>
            </param>
            <param index="1">
              <value>
                <![CDATA[Venu@12345]]>
              </value>
            </param>
          </params>
          <reporter-output>
          </reporter-output>
        </test-method> <!-- loginTest -->
        <test-method signature="selectDesktopTest()[pri:1, instance:com.wipro.testcases.PlaceOrder@5fb759d6]" started-at="2023-03-06T14:20:05 IST" name="selectDesktopTest" finished-at="2023-03-06T14:20:12 IST" duration-ms="6531" status="PASS">
          <reporter-output>
          </reporter-output>
        </test-method> <!-- selectDesktopTest -->
        <test-method signature="addToCartTest()[pri:2, instance:com.wipro.testcases.PlaceOrder@5fb759d6]" started-at="2023-03-06T14:20:12 IST" name="addToCartTest" finished-at="2023-03-06T14:20:32 IST" duration-ms="20100" status="PASS">
          <reporter-output>
          </reporter-output>
        </test-method> <!-- addToCartTest -->
        <test-method signature="clickShoppingCartTest()[pri:3, instance:com.wipro.testcases.PlaceOrder@5fb759d6]" started-at="2023-03-06T14:20:32 IST" name="clickShoppingCartTest" finished-at="2023-03-06T14:20:35 IST" duration-ms="3095" status="PASS">
          <reporter-output>
          </reporter-output>
        </test-method> <!-- clickShoppingCartTest -->
        <test-method signature="clickCheckoutTest()[pri:4, instance:com.wipro.testcases.PlaceOrder@5fb759d6]" started-at="2023-03-06T14:20:35 IST" name="clickCheckoutTest" finished-at="2023-03-06T14:20:43 IST" duration-ms="8747" status="PASS">
          <reporter-output>
          </reporter-output>
        </test-method> <!-- clickCheckoutTest -->
        <test-method signature="makePaymentTest()[pri:5, instance:com.wipro.testcases.PlaceOrder@5fb759d6]" started-at="2023-03-06T14:20:43 IST" name="makePaymentTest" finished-at="2023-03-06T14:20:50 IST" duration-ms="6194" status="PASS">
          <reporter-output>
          </reporter-output>
        </test-method> <!-- makePaymentTest -->
        <test-method signature="clickConfirmTest()[pri:6, instance:com.wipro.testcases.PlaceOrder@5fb759d6]" started-at="2023-03-06T14:20:50 IST" name="clickConfirmTest" finished-at="2023-03-06T14:20:51 IST" duration-ms="1181" status="PASS">
          <reporter-output>
          </reporter-output>
        </test-method> <!-- clickConfirmTest -->
        <test-method signature="valiadteLogout()[pri:7, instance:com.wipro.testcases.PlaceOrder@5fb759d6]" started-at="2023-03-06T14:20:51 IST" name="valiadteLogout" finished-at="2023-03-06T14:20:57 IST" duration-ms="6411" status="PASS">
          <reporter-output>
          </reporter-output>
        </test-method> <!-- valiadteLogout -->
        <test-method is-config="true" signature="afterClass()[pri:0, instance:com.wipro.testcases.PlaceOrder@5fb759d6]" started-at="2023-03-06T14:20:57 IST" name="afterClass" finished-at="2023-03-06T14:21:03 IST" duration-ms="5474" status="PASS">
          <reporter-output>
          </reporter-output>
        </test-method> <!-- afterClass -->
      </class> <!-- com.wipro.testcases.PlaceOrder -->
      <class name="com.wipro.testcases.Registration">
        <test-method is-config="true" signature="beforeClass()[pri:0, instance:com.wipro.testcases.Registration@1807e3f6]" started-at="2023-03-06T14:18:51 IST" name="beforeClass" finished-at="2023-03-06T14:19:00 IST" duration-ms="8309" status="PASS">
          <reporter-output>
          </reporter-output>
        </test-method> <!-- beforeClass -->
        <test-method signature="register(java.lang.String,java.lang.String,java.lang.String,java.lang.String,java.lang.String)[pri:0, instance:com.wipro.testcases.Registration@1807e3f6]" started-at="2023-03-06T14:19:00 IST" name="register" data-provider="dp" finished-at="2023-03-06T14:19:09 IST" duration-ms="8232" status="PASS">
          <params>
            <param index="0">
              <value>
                <![CDATA[Kollapudi]]>
              </value>
            </param>
            <param index="1">
              <value>
                <![CDATA[Venu]]>
              </value>
            </param>
            <param index="2">
              <value>
                <![CDATA[venukollapudi@gmail.com]]>
              </value>
            </param>
            <param index="3">
              <value>
                <![CDATA[Venu@12345]]>
              </value>
            </param>
            <param index="4">
              <value>
                <![CDATA[Venu@12345]]>
              </value>
            </param>
          </params>
          <reporter-output>
          </reporter-output>
        </test-method> <!-- register -->
        <test-method is-config="true" signature="afterClass()[pri:0, instance:com.wipro.testcases.Registration@1807e3f6]" started-at="2023-03-06T14:19:09 IST" name="afterClass" finished-at="2023-03-06T14:19:14 IST" duration-ms="5236" status="PASS">
          <reporter-output>
          </reporter-output>
        </test-method> <!-- afterClass -->
      </class> <!-- com.wipro.testcases.Registration -->
      <class name="com.wipro.testcases.AddAddress">
        <test-method is-config="true" signature="setUpClass(org.testng.ITestContext)[pri:0, instance:com.wipro.testcases.AddAddress@790da477]" started-at="2023-03-06T14:19:14 IST" name="setUpClass" finished-at="2023-03-06T14:19:14 IST" duration-ms="445" status="PASS">
          <params>
            <param index="0">
              <value>
                <![CDATA[org.testng.TestRunner@5cff729b]]>
              </value>
            </param>
          </params>
          <reporter-output>
          </reporter-output>
        </test-method> <!-- setUpClass -->
        <test-method signature="runScenario(io.cucumber.testng.PickleWrapper,io.cucumber.testng.FeatureWrapper)[pri:0, instance:com.wipro.testcases.AddAddress@790da477]" started-at="2023-03-06T14:19:14 IST" name="runScenario" description="Runs Cucumber Scenarios" data-provider="scenarios" finished-at="2023-03-06T14:19:54 IST" duration-ms="39366" status="PASS">
          <params>
            <param index="0">
              <value>
                <![CDATA["To validate add address functionality"]]>
              </value>
            </param>
            <param index="1">
              <value>
                <![CDATA["Add Address"]]>
              </value>
            </param>
          </params>
          <reporter-output>
          </reporter-output>
        </test-method> <!-- runScenario -->
        <test-method is-config="true" signature="tearDownClass()[pri:0, instance:com.wipro.testcases.AddAddress@790da477]" started-at="2023-03-06T14:19:54 IST" name="tearDownClass" finished-at="2023-03-06T14:19:54 IST" duration-ms="17" status="PASS">
          <reporter-output>
          </reporter-output>
        </test-method> <!-- tearDownClass -->
      </class> <!-- com.wipro.testcases.AddAddress -->
      <class name="com.wipro.testcases.ValidateMenu">
        <test-method is-config="true" signature="beforeClass()[pri:0, instance:com.wipro.testcases.ValidateMenu@4b8d604b]" started-at="2023-03-06T14:21:03 IST" name="beforeClass" finished-at="2023-03-06T14:21:10 IST" duration-ms="7610" status="PASS">
          <reporter-output>
          </reporter-output>
        </test-method> <!-- beforeClass -->
        <test-method signature="loginTest(java.lang.String,java.lang.String)[pri:0, instance:com.wipro.testcases.ValidateMenu@4b8d604b]" started-at="2023-03-06T14:21:10 IST" name="loginTest" data-provider="dp" finished-at="2023-03-06T14:21:15 IST" duration-ms="5089" status="PASS">
          <params>
            <param index="0">
              <value>
                <![CDATA[venukollapudi@gmail.com]]>
              </value>
            </param>
            <param index="1">
              <value>
                <![CDATA[Venu@12345]]>
              </value>
            </param>
          </params>
          <reporter-output>
          </reporter-output>
        </test-method> <!-- loginTest -->
        <test-method signature="validateMenuTest()[pri:1, instance:com.wipro.testcases.ValidateMenu@4b8d604b]" started-at="2023-03-06T14:21:15 IST" name="validateMenuTest" finished-at="2023-03-06T14:21:29 IST" duration-ms="13762" status="PASS">
          <reporter-output>
          </reporter-output>
        </test-method> <!-- validateMenuTest -->
        <test-method signature="logOut()[pri:2, instance:com.wipro.testcases.ValidateMenu@4b8d604b]" started-at="2023-03-06T14:21:29 IST" name="logOut" finished-at="2023-03-06T14:21:36 IST" duration-ms="6697" status="PASS">
          <reporter-output>
          </reporter-output>
        </test-method> <!-- logOut -->
        <test-method is-config="true" signature="afterClass()[pri:0, instance:com.wipro.testcases.ValidateMenu@4b8d604b]" started-at="2023-03-06T14:21:36 IST" name="afterClass" finished-at="2023-03-06T14:21:41 IST" duration-ms="5229" status="PASS">
          <reporter-output>
          </reporter-output>
        </test-method> <!-- afterClass -->
      </class> <!-- com.wipro.testcases.ValidateMenu -->
    </test> <!-- Test -->
  </suite> <!-- Suite -->
</testng-results>
